<?xml version="1.0" encoding="UTF-8"?>
<testng-results ignored="0" total="1" passed="1" failed="0" skipped="0">
  <reporter-output>
    <line>
      <![CDATA[<img width="418" height="240" alt="alternativeName" title="title" src="https://cdn1.goibibo.com/voy_ing/t_g/23cf83ba388f11ec86d80a58a9feac02.jpg"></a>]]>
    </line>
    <line>
      <![CDATA[<img width="418" height="240" alt="alternativeName" title="title" src="https://cdn1.goibibo.com/voy_ing/t_g/e3dd1936187a11ecbbd30a58a9feac02.jpg"></a>]]>
    </line>
    <line>
      <![CDATA[<img width="418" height="240" alt="alternativeName" title="title" src="https://gos3.ibcdn.com/default-4-1426763954.png"></a>]]>
    </line>
    <line>
      <![CDATA[<img width="418" height="240" alt="alternativeName" title="title" src="https://gos3.ibcdn.com/default-4-1426763954.png"></a>]]>
    </line>
    <line>
      <![CDATA[<img width="418" height="240" alt="alternativeName" title="title" src="https://gos3.ibcdn.com/default-4-1426763954.png"></a>]]>
    </line>
  </reporter-output>
  <suite started-at="2022-04-10T14:00:11 IST" name="Default suite" finished-at="2022-04-10T14:00:21 IST" duration-ms="10874">
    <groups>
    </groups>
    <test started-at="2022-04-10T14:00:11 IST" name="Default test" finished-at="2022-04-10T14:00:21 IST" duration-ms="10874">
      <class name="Testmodels.TestgoibibohotelSearch">
        <test-method is-config="true" signature="setup()[pri:0, instance:Testmodels.TestgoibibohotelSearch@3ee37e5a]" started-at="2022-04-10T14:00:11 IST" name="setup" finished-at="2022-04-10T14:00:14 IST" duration-ms="2976" status="PASS">
          <reporter-output>
          </reporter-output>
        </test-method> <!-- setup -->
        <test-method signature="TestaddImage()[pri:1, instance:Testmodels.TestgoibibohotelSearch@3ee37e5a]" started-at="2022-04-10T14:00:14 IST" name="TestaddImage" finished-at="2022-04-10T14:00:21 IST" duration-ms="7727" status="PASS">
          <reporter-output>
            <line>
              <![CDATA[<img width="418" height="240" alt="alternativeName" title="title" src="https://cdn1.goibibo.com/voy_ing/t_g/23cf83ba388f11ec86d80a58a9feac02.jpg"></a>]]>
            </line>
            <line>
              <![CDATA[<img width="418" height="240" alt="alternativeName" title="title" src="https://cdn1.goibibo.com/voy_ing/t_g/e3dd1936187a11ecbbd30a58a9feac02.jpg"></a>]]>
            </line>
            <line>
              <![CDATA[<img width="418" height="240" alt="alternativeName" title="title" src="https://gos3.ibcdn.com/default-4-1426763954.png"></a>]]>
            </line>
            <line>
              <![CDATA[<img width="418" height="240" alt="alternativeName" title="title" src="https://gos3.ibcdn.com/default-4-1426763954.png"></a>]]>
            </line>
            <line>
              <![CDATA[<img width="418" height="240" alt="alternativeName" title="title" src="https://gos3.ibcdn.com/default-4-1426763954.png"></a>]]>
            </line>
          </reporter-output>
        </test-method> <!-- TestaddImage -->
        <test-method is-config="true" signature="afterTest()[pri:0, instance:Testmodels.TestgoibibohotelSearch@3ee37e5a]" started-at="2022-04-10T14:00:21 IST" name="afterTest" finished-at="2022-04-10T14:00:21 IST" duration-ms="131" status="PASS">
          <reporter-output>
          </reporter-output>
        </test-method> <!-- afterTest -->
      </class> <!-- Testmodels.TestgoibibohotelSearch -->
    </test> <!-- Default test -->
  </suite> <!-- Default suite -->
</testng-results>
